<?xml version="1.0" encoding="UTF-8"?>
<!-- Generated by org.testng.reporters.JUnitReportReporter -->
<testsuite hostname="muhameds-mbp-2" failures="0" tests="4" name="com.searchmodule.tests.SearchTest" time="15.315" errors="0" timestamp="16 Mar 2022 17:33:25 GMT" skipped="0">
  <testcase classname="com.searchmodule.tests.SearchTest" name="search" time="3.917"/>
  <testcase classname="com.searchmodule.tests.SearchTest" name="search" time="3.914"/>
  <testcase classname="com.searchmodule.tests.SearchTest" name="search" time="3.423"/>
  <testcase classname="com.searchmodule.tests.SearchTest" name="search" time="4.061"/>
</testsuite> <!-- com.searchmodule.tests.SearchTest -->
