<?xml version="1.0" encoding="UTF-8"?>
<!-- Generated by org.testng.reporters.JUnitReportReporter -->
<testsuite skipped="0" hostname="muhameds-mbp-2" name="com.newtours.tests.BookFlightTest" tests="20" failures="0" timestamp="14 Mar 2022 20:40:32 GMT" time="54.200" errors="0">
  <testcase name="flightDetailsPage" time="1.546" classname="com.newtours.tests.BookFlightTest"/>
  <testcase name="registrationConfirmationPage" time="0.166" classname="com.newtours.tests.BookFlightTest"/>
  <testcase name="findFlightPage" time="3.380" classname="com.newtours.tests.BookFlightTest"/>
  <testcase name="findFlightPage" time="3.469" classname="com.newtours.tests.BookFlightTest"/>
  <testcase name="registrationConfirmationPage" time="0.167" classname="com.newtours.tests.BookFlightTest"/>
  <testcase name="flightDetailsPage" time="1.479" classname="com.newtours.tests.BookFlightTest"/>
  <testcase name="flightDetailsPage" time="1.474" classname="com.newtours.tests.BookFlightTest"/>
  <testcase name="flightConfirmationPage" time="0.264" classname="com.newtours.tests.BookFlightTest"/>
  <testcase name="findFlightPage" time="3.407" classname="com.newtours.tests.BookFlightTest"/>
  <testcase name="registrationPage" time="3.539" classname="com.newtours.tests.BookFlightTest"/>
  <testcase name="registrationConfirmationPage" time="0.184" classname="com.newtours.tests.BookFlightTest"/>
  <testcase name="registrationConfirmationPage" time="0.156" classname="com.newtours.tests.BookFlightTest"/>
  <testcase name="findFlightPage" time="3.342" classname="com.newtours.tests.BookFlightTest"/>
  <testcase name="registrationPage" time="8.377" classname="com.newtours.tests.BookFlightTest"/>
  <testcase name="registrationPage" time="4.187" classname="com.newtours.tests.BookFlightTest"/>
  <testcase name="flightConfirmationPage" time="0.404" classname="com.newtours.tests.BookFlightTest"/>
  <testcase name="registrationPage" time="16.573" classname="com.newtours.tests.BookFlightTest"/>
  <testcase name="flightConfirmationPage" time="0.312" classname="com.newtours.tests.BookFlightTest"/>
  <testcase name="flightDetailsPage" time="1.488" classname="com.newtours.tests.BookFlightTest"/>
  <testcase name="flightConfirmationPage" time="0.286" classname="com.newtours.tests.BookFlightTest"/>
</testsuite> <!-- com.newtours.tests.BookFlightTest -->
