<?xml version="1.0" encoding="UTF-8"?>
<!-- Generated by org.testng.reporters.JUnitReportReporter -->
<testsuite skipped="0" hostname="muhameds-mbp-2" name="com.searchmodule.tests.SearchTest" tests="4" failures="0" timestamp="14 Mar 2022 20:42:17 GMT" time="16.360" errors="0">
  <testcase name="search" time="3.506" classname="com.searchmodule.tests.SearchTest"/>
  <testcase name="search" time="5.008" classname="com.searchmodule.tests.SearchTest"/>
  <testcase name="search" time="3.672" classname="com.searchmodule.tests.SearchTest"/>
  <testcase name="search" time="4.174" classname="com.searchmodule.tests.SearchTest"/>
</testsuite> <!-- com.searchmodule.tests.SearchTest -->
